This is pdfTeX, Version 3.14159265-2.6-1.40.19 (MiKTeX 2.9.6840 64-bit) (preloaded format=pdflatex 2018.10.5)  29 NOV 2019 19:08
entering extended mode
**"./TCC - Em Andamento V 1.7.tex"
("TCC - Em Andamento V 1.7.tex"
LaTeX2e <2018-04-01> patch level 5
("C:\Program Files\MiKTeX 2.9\tex\latex\abntex2\abntex2.cls"
Document Class: abntex2 2016/02/26 v-1.9.6 abnTeX2
("C:\Program Files\MiKTeX 2.9\tex\latex\base\ifthen.sty"
Package: ifthen 2014/09/29 v1.1c Standard LaTeX ifthen package (DPC)
)
("C:\Program Files\MiKTeX 2.9\tex\latex\memoir\memoir.cls"
Document Class: memoir 2018/04/04 v3.7g configurable book, report, article docu
ment class
\onelineskip=\skip41
\lxvchars=\skip42
\xlvchars=\skip43
\@memcnta=\count80
\c@@memmarkcntra=\count81
("C:\Program Files\MiKTeX 2.9\tex\generic\oberdiek\ifpdf.sty"
Package: ifpdf 2018/09/07 v3.3 Provides the ifpdf switch
)
("C:\Program Files\MiKTeX 2.9\tex\latex\ifetex\ifetex.sty"
Package: ifetex 2018/03/31 v1.2a ifetex

("C:\Program Files\MiKTeX 2.9\tex\plain\ifetex\ifetex.tex"))
("C:\Program Files\MiKTeX 2.9\tex\generic\ifxetex\ifxetex.sty"
Package: ifxetex 2010/09/12 v0.6 Provides ifxetex conditional
)
("C:\Program Files\MiKTeX 2.9\tex\generic\oberdiek\ifluatex.sty"
Package: ifluatex 2016/05/16 v1.4 Provides the ifluatex switch (HO)
Package ifluatex Info: LuaTeX not detected.
)
\stockheight=\skip44
\stockwidth=\skip45
\trimtop=\skip46
\trimedge=\skip47

("C:\Program Files\MiKTeX 2.9\tex\latex\memoir\mem12.clo"
File: mem12.clo 2010/10/19 v0.4b memoir class 12pt size option
)
\binding=\skip48
\spinemargin=\skip49
\foremargin=\skip50
\uppermargin=\skip51
\lowermargin=\skip52
\headdrop=\skip53
\normalrulethickness=\skip54
\mem@maxheadheight=\skip55
\mem@maxfootheight=\skip56
\headwidth=\skip57
\c@storedpagenumber=\count82
\memPD=\dimen102
\m@mabparskip=\skip58
\thanksmarkwidth=\skip59
\thanksmarksep=\skip60
\droptitle=\skip61
\c@book=\count83
\c@part=\count84
\c@chapter=\count85
\c@section=\count86
\c@subsection=\count87
\c@subsubsection=\count88
\c@paragraph=\count89
\c@subparagraph=\count90
\beforechapskip=\skip62
\midchapskip=\skip63
\afterchapskip=\skip64
\chapindent=\skip65
\bottomsectionskip=\skip66
\secindent=\skip67
\beforesecskip=\skip68
\aftersecskip=\skip69
\subsecindent=\skip70
\beforesubsecskip=\skip71
\aftersubsecskip=\skip72
\subsubsecindent=\skip73
\beforesubsubsecskip=\skip74
\aftersubsubsecskip=\skip75
\paraindent=\skip76
\beforeparaskip=\skip77
\afterparaskip=\skip78
\subparaindent=\skip79
\beforesubparaskip=\skip80
\aftersubparaskip=\skip81
\pfbreakskip=\skip82
\c@@ppsavesec=\count91
\c@@ppsaveapp=\count92
\ragrparindent=\dimen103
\everylistparindent=\dimen104
\parsepi=\skip83
\topsepi=\skip84
\itemsepi=\skip85
\parsepii=\skip86
\topsepii=\skip87
\topsepiii=\skip88
\itemsepii=\skip89
\itemsepiii=\skip90
\partopsepii=\skip91
\partopsepiii=\skip92
\m@msavetopsep=\skip93
\m@msavepartopsep=\skip94
\@enLab=\toks14
\abstitleskip=\skip95
\absleftindent=\skip96
\abs@leftindent=\dimen105
\absrightindent=\skip97
\absparindent=\skip98
\absparsep=\skip99
\c@vslineno=\count93
\c@poemline=\count94
\c@modulo@vs=\count95
\c@memfvsline=\count96
\vleftskip=\skip100
\vrightskip=\skip101
\stanzaskip=\skip102
\versewidth=\skip103
\vgap=\skip104
\vindent=\skip105
\vleftmargin=\dimen106
\c@verse=\count97
\c@chrsinstr=\count98
\beforepoemtitleskip=\skip106
\afterpoemtitleskip=\skip107
\c@poem=\count99
\beforePoemTitleskip=\skip108
\midPoemTitleskip=\skip109
\afterPoemTitleskip=\skip110
\col@sep=\dimen107
\extrarowheight=\dimen108
\NC@list=\toks15
\extratabsurround=\skip111
\backup@length=\skip112
\TX@col@width=\dimen109
\TX@old@table=\dimen110
\TX@old@col=\dimen111
\TX@target=\dimen112
\TX@delta=\dimen113
\TX@cols=\count100
\TX@ftn=\toks16
\heavyrulewidth=\dimen114
\lightrulewidth=\dimen115
\cmidrulewidth=\dimen116
\belowrulesep=\dimen117
\belowbottomsep=\dimen118
\aboverulesep=\dimen119
\abovetopsep=\dimen120
\cmidrulesep=\dimen121
\cmidrulekern=\dimen122
\defaultaddspace=\dimen123
\@cmidla=\count101
\@cmidlb=\count102
\@aboverulesep=\dimen124
\@belowrulesep=\dimen125
\@thisruleclass=\count103
\@lastruleclass=\count104
\@thisrulewidth=\dimen126
\ctableftskip=\skip113
\ctabrightskip=\skip114
\abovecolumnspenalty=\count105
\@linestogo=\count106
\@cellstogo=\count107
\@cellsincolumn=\count108
\crtok=\toks17
\@mincolumnwidth=\dimen127
\c@newflo@tctr=\count109
\mem@margin@floatbox=\box26
\@contcwidth=\skip115
\@contindw=\skip116
\abovecaptionskip=\skip117
\belowcaptionskip=\skip118
\subfloattopskip=\skip119
\subfloatcapskip=\skip120
\subfloatcaptopadj=\skip121
\subfloatbottomskip=\skip122
\subfloatlabelskip=\skip123
\subfloatcapmargin=\dimen128
\c@@contsubnum=\count110
\m@mscap@capbox=\box27
\m@mscap@fbox=\box28
\sidecapsep=\dimen129
\sidecapwidth=\dimen130
\m@m@tempdima=\dimen131
\m@mscapraise=\dimen132
\sidecapraise=\dimen133
\m@mscapmainwidth=\dimen134
\m@mscaplkern=\dimen135
\beforeepigraphskip=\skip124
\afterepigraphskip=\skip125
\epigraphwidth=\skip126
\epigraphrule=\skip127
LaTeX Info: Redefining \em on input line 7578.
LaTeX Info: Redefining \emph on input line 7586.
\tocentryskip=\skip128
\tocbaseline=\skip129
\cftparskip=\skip130
\cftbeforebookskip=\skip131
\cftbookindent=\dimen136
\cftbooknumwidth=\dimen137
\cftbeforepartskip=\skip132
\cftpartindent=\skip133
\cftpartnumwidth=\skip134
\cftbeforechapterskip=\skip135
\cftchapterindent=\skip136
\cftchapternumwidth=\skip137
\cftbeforesectionskip=\skip138
\cftsectionindent=\skip139
\cftsectionnumwidth=\skip140
\cftbeforesubsectionskip=\skip141
\cftsubsectionindent=\skip142
\cftsubsectionnumwidth=\skip143
\cftbeforesubsubsectionskip=\skip144
\cftsubsubsectionindent=\skip145
\cftsubsubsectionnumwidth=\skip146
\cftbeforeparagraphskip=\skip147
\cftparagraphindent=\skip148
\cftparagraphnumwidth=\skip149
\cftbeforesubparagraphskip=\skip150
\cftsubparagraphindent=\skip151
\cftsubparagraphnumwidth=\skip152
\prechapterprecisshift=\dimen138
\c@maxsecnumdepth=\count111
\bibindent=\dimen139
\bibitemsep=\skip153
\indexcolsep=\skip154
\indexrule=\skip155
\indexmarkstyle=\toks18
\@indexbox=\insert199
\glossarycolsep=\dimen140
\glossaryrule=\dimen141
\sideparvshift=\skip156
\sideins=\insert198
\sidebartopsep=\skip157
\sidebarhsep=\skip158
\sidebarvsep=\skip159
\sidebarwidth=\skip160
\footmarkwidth=\skip161
\footmarksep=\skip162
\footparindent=\skip163
\footinsdim=\skip164
\footinsv@r=\insert197
\@mpfootinsv@r=\insert196
\m@m@k=\count112
\m@m@h=\dimen142
\m@mipn@skip=\skip165
\sidefootins=\insert195
\sidefootadjust=\skip166
\sidefootheight=\skip167
\sidefoothsep=\skip168
\sidefootvsep=\skip169
\sidefootwidth=\skip170
\m@mdownsf=\skip171
\c@sidefootnote=\count113
\sidefootmarkwidth=\skip172
\sidefootmarksep=\skip173
\sidefootparindent=\skip174
\c@pagenote=\count114
\c@pagenoteshadow=\count115
\mem@pn@lastkern=\skip175
\every@verbatim=\toks19
\afterevery@verbatim=\toks20
\verbatim@line=\toks21
\tab@position=\count116
\verbatim@in@stream=\read1
\verbatimindent=\skip176
\verbatim@out=\write3
\bvboxsep=\skip177
\c@memfbvline=\count117
\c@bvlinectr=\count118
\bvnumlength=\skip178
\fb@frw=\dimen143
\fb@frh=\dimen144
\FrameRule=\dimen145
\FrameSep=\dimen146
\c@cp@cntr=\count119
LaTeX Info: Redefining \: on input line 12100.
LaTeX Info: Redefining \! on input line 12102.
\c@ism@mctr=\count120
\c@xsm@mctr=\count121
\c@csm@mctr=\count122
\c@ksm@mctr=\count123
\c@xksm@mctr=\count124
\c@cksm@mctr=\count125
\c@msm@mctr=\count126
\c@xmsm@mctr=\count127
\c@cmsm@mctr=\count128
\c@bsm@mctr=\count129
\c@workm@mctr=\count130
\c@sheetsequence=\count131
\c@lastsheet=\count132
\c@lastpage=\count133
\c@figure=\count134
\c@lofdepth=\count135
\cftbeforefigureskip=\skip179
\cftfigureindent=\skip180
\cftfigurenumwidth=\skip181
\c@table=\count136
\c@lotdepth=\count137
\cftbeforetableskip=\skip182
\cfttableindent=\skip183
\cfttablenumwidth=\skip184
Package abstract [2008/07/23] emulated by memoir.
Package appendix [2008/07/23] emulated by memoir.
Package array [2016/10/06] emulated by memoir.
Package booktabs [2016/05/16] emulated by memoir.
Package ccaption [2008/07/23] emulated by memoir.
Package changepage [2008/07/23] emulated by memoir.
Package chngcntr [2008/07/23] emulated by memoir.
Package chngpage [2008/07/23] emulated by memoir.
Package crop emulated by memoir.
Package dcolumn [2008/07/23] emulated by memoir.
Package delarray [2014/10/28] emulated by memoir.
Package enumerate [2008/07/23] emulated by memoir.
Package epigraph [2008/07/23] emulated by memoir.
Package ifmtarg [2008/07/23] emulated by memoir.
Package index [2008/07/23] emulated by memoir.
Package makeidx [2008/07/23] emulated by memoir.
Package moreverb [2008/07/23] emulated by memoir.
Package mparhack [2008/07/23] emulated by memoir.
Package needspace [2008/07/23] emulated by memoir.
Package newfile [2008/07/23] emulated by memoir.
Package nextpage [2008/07/23] emulated by memoir.
Package pagenote [2008/07/23] emulated by memoir.
Package parskip [2008/07/23] emulated by memoir.
Package patchcmd [2008/07/23] emulated by memoir.
Package setspace [2008/07/23] emulated by memoir.
Package shortvrb [2008/07/23] emulated by memoir.
Package showidx [2008/07/23] emulated by memoir.
Package tabularx [2016/02/03] emulated by memoir.
Package titleref [2008/07/23] emulated by memoir.
Package titling [2008/07/23] emulated by memoir.
Package tocbibind [2008/07/23] emulated by memoir.
Package tocloft [2008/07/23] emulated by memoir.
Package tocvsec2 [2008/07/23] emulated by memoir.
Package verbatim [2008/07/23] emulated by memoir.
Package verse [2008/07/23] emulated by memoir.
)
("C:\Program Files\MiKTeX 2.9\tex\latex\textcase\textcase.sty"
Package: textcase 2004/10/07 v0.07 Text only upper/lower case changing (DPC)
LaTeX Info: Redefining \MakeTextUppercase on input line 47.
LaTeX Info: Redefining \MakeTextLowercase on input line 50.
)
("C:\Program Files\MiKTeX 2.9\tex\latex\hyperref\hyperref.sty"
Package: hyperref 2018/09/30 v6.88a Hypertext links for LaTeX

("C:\Program Files\MiKTeX 2.9\tex\generic\oberdiek\hobsub-hyperref.sty"
Package: hobsub-hyperref 2016/05/16 v1.14 Bundle oberdiek, subset hyperref (HO)


("C:\Program Files\MiKTeX 2.9\tex\generic\oberdiek\hobsub-generic.sty"
Package: hobsub-generic 2016/05/16 v1.14 Bundle oberdiek, subset generic (HO)
Package: hobsub 2016/05/16 v1.14 Construct package bundles (HO)
Package: infwarerr 2016/05/16 v1.4 Providing info/warning/error messages (HO)
Package: ltxcmds 2016/05/16 v1.23 LaTeX kernel commands for general use (HO)
Package hobsub Info: Skipping package `ifluatex' (already loaded).
Package: ifvtex 2016/05/16 v1.6 Detect VTeX and its facilities (HO)
Package ifvtex Info: VTeX not detected.
Package: intcalc 2016/05/16 v1.2 Expandable calculations with integers (HO)
Package hobsub Info: Skipping package `ifpdf' (already loaded).
Package: etexcmds 2016/05/16 v1.6 Avoid name clashes with e-TeX commands (HO)
Package etexcmds Info: Could not find \expanded.
(etexcmds)             That can mean that you are not using pdfTeX 1.50 or
(etexcmds)             that some package has redefined \expanded.
(etexcmds)             In the latter case, load this package earlier.
Package: kvsetkeys 2016/05/16 v1.17 Key value parser (HO)
Package: kvdefinekeys 2016/05/16 v1.4 Define keys (HO)
Package: pdftexcmds 2018/09/10 v0.29 Utility functions of pdfTeX for LuaTeX (HO
)
Package pdftexcmds Info: LuaTeX not detected.
Package pdftexcmds Info: \pdf@primitive is available.
Package pdftexcmds Info: \pdf@ifprimitive is available.
Package pdftexcmds Info: \pdfdraftmode found.
Package: pdfescape 2016/05/16 v1.14 Implements pdfTeX's escape features (HO)
Package: bigintcalc 2016/05/16 v1.4 Expandable calculations on big integers (HO
)
Package: bitset 2016/05/16 v1.2 Handle bit-vector datatype (HO)
Package: uniquecounter 2016/05/16 v1.3 Provide unlimited unique counter (HO)
)
Package hobsub Info: Skipping package `hobsub' (already loaded).
Package: letltxmacro 2016/05/16 v1.5 Let assignment for LaTeX macros (HO)
Package: hopatch 2016/05/16 v1.3 Wrapper for package hooks (HO)
Package: xcolor-patch 2016/05/16 xcolor patch
Package: atveryend 2016/05/16 v1.9 Hooks at the very end of document (HO)
Package atveryend Info: \enddocument detected (standard20110627).
Package: atbegshi 2016/06/09 v1.18 At begin shipout hook (HO)
Package: refcount 2016/05/16 v3.5 Data extraction from label references (HO)
Package: hycolor 2016/05/16 v1.8 Color options for hyperref/bookmark (HO)
)
("C:\Program Files\MiKTeX 2.9\tex\latex\graphics\keyval.sty"
Package: keyval 2014/10/28 v1.15 key=value parser (DPC)
\KV@toks@=\toks22
)
("C:\Program Files\MiKTeX 2.9\tex\latex\oberdiek\auxhook.sty"
Package: auxhook 2016/05/16 v1.4 Hooks for auxiliary files (HO)
)
("C:\Program Files\MiKTeX 2.9\tex\latex\oberdiek\kvoptions.sty"
Package: kvoptions 2016/05/16 v3.12 Key value format for package options (HO)
)
\@linkdim=\dimen147
\Hy@linkcounter=\count138
\Hy@pagecounter=\count139

("C:\Program Files\MiKTeX 2.9\tex\latex\hyperref\pd1enc.def"
File: pd1enc.def 2018/09/30 v6.88a Hyperref: PDFDocEncoding definition (HO)
Now handling font encoding PD1 ...
... no UTF-8 mapping file for font encoding PD1
)
\Hy@SavedSpaceFactor=\count140

("C:\Program Files\MiKTeX 2.9\tex\latex\00miktex\hyperref.cfg"
File: hyperref.cfg 2002/06/06 v1.2 hyperref configuration of TeXLive
)
Package hyperref Info: Hyper figures OFF on input line 4535.
Package hyperref Info: Link nesting OFF on input line 4540.
Package hyperref Info: Hyper index ON on input line 4543.
Package hyperref Info: Plain pages OFF on input line 4550.
Package hyperref Info: Backreferencing OFF on input line 4555.
Package hyperref Info: Implicit mode ON; LaTeX internals redefined.
Package hyperref Info: Bookmarks ON on input line 4788.
\c@Hy@tempcnt=\count141

("C:\Program Files\MiKTeX 2.9\tex\latex\url\url.sty"
\Urlmuskip=\muskip10
Package: url 2013/09/16  ver 3.4  Verb mode for urls, etc.
)
LaTeX Info: Redefining \url on input line 5141.
\XeTeXLinkMargin=\dimen148
\Fld@menulength=\count142
\Field@Width=\dimen149
\Fld@charsize=\dimen150
Package hyperref Info: Hyper figures OFF on input line 6396.
Package hyperref Info: Link nesting OFF on input line 6401.
Package hyperref Info: Hyper index ON on input line 6404.
Package hyperref Info: backreferencing OFF on input line 6411.
Package hyperref Info: Link coloring OFF on input line 6416.
Package hyperref Info: Link coloring with OCG OFF on input line 6421.
Package hyperref Info: PDF/A mode OFF on input line 6426.
LaTeX Info: Redefining \ref on input line 6466.
LaTeX Info: Redefining \pageref on input line 6470.
\Hy@abspage=\count143
\c@Item=\count144
\c@Hfootnote=\count145
)
("C:\Program Files\MiKTeX 2.9\tex\latex\memoir\memhfixc.sty"
Package: memhfixc 2013/05/30 v1.17 nameref/hyperref package fixes for memoir cl
ass
\c@memhycontfloat=\count146
\c@Hpagenote=\count147
)
Package hyperref Info: Driver (autodetected): hpdftex.

("C:\Program Files\MiKTeX 2.9\tex\latex\hyperref\hpdftex.def"
File: hpdftex.def 2018/09/30 v6.88a Hyperref driver for pdfTeX
\Fld@listcount=\count148
\c@bookmark@seq@number=\count149

("C:\Program Files\MiKTeX 2.9\tex\latex\oberdiek\rerunfilecheck.sty"
Package: rerunfilecheck 2016/05/16 v1.8 Rerun checks for auxiliary files (HO)
Package uniquecounter Info: New unique counter `rerunfilecheck' on input line 2
82.
)
\Hy@SectionHShift=\skip185
)
("C:\Program Files\MiKTeX 2.9\tex\latex\oberdiek\bookmark.sty"
Package: bookmark 2016/05/17 v1.26 PDF bookmarks (HO)

("C:\Program Files\MiKTeX 2.9\tex\latex\oberdiek\bkm-pdftex.def"
File: bkm-pdftex.def 2016/05/17 v1.26 bookmark driver for pdfTeX (HO)
\BKM@id=\count150
))
("C:\Program Files\MiKTeX 2.9\tex\generic\babel\babel.sty"
Package: babel 2018/09/26 3.24 The Babel package

("C:\Program Files\MiKTeX 2.9\tex\generic\babel\switch.def"
File: switch.def 2018/09/26 3.24 Babel switching mechanism
)
*************************************
* Local config file bblopts.cfg used
*
("C:\Program Files\MiKTeX 2.9\tex\latex\arabi\bblopts.cfg"
File: bblopts.cfg 2005/09/08 v0.1 add Arabic and Farsi to "declared" options of
 babel
)
("C:\Program Files\MiKTeX 2.9\tex\latex\babel-english\english.ldf"
Language: english 2017/06/06 v3.3r English support from the babel system

("C:\Program Files\MiKTeX 2.9\tex\generic\babel\babel.def"
File: babel.def 2018/09/26 3.24 Babel common definitions
\babel@savecnt=\count151
\U@D=\dimen151

("C:\Program Files\MiKTeX 2.9\tex\generic\babel\txtbabel.def")
\bbl@dirlevel=\count152
)
\l@canadian = a dialect from \language\l@american 
\l@australian = a dialect from \language\l@british 
\l@newzealand = a dialect from \language\l@british 
)
("C:\Program Files\MiKTeX 2.9\tex\generic\babel-french\french.ldf"
Language: french 2018/09/14 v3.5c French support from the babel system
\l@acadian = a dialect from \language\l@french 
\FB@nonchar=\count153
Package babel Info: Making : an active character on input line 414.
Package babel Info: Making ; an active character on input line 415.
Package babel Info: Making ! an active character on input line 416.
Package babel Info: Making ? an active character on input line 417.
\FBguill@level=\count154
\FBold@everypar=\toks23
\FB@Mht=\dimen152
\mc@charclass=\count155
\mc@charfam=\count156
\mc@charslot=\count157
\std@mcc=\count158
\dec@mcc=\count159
\c@FBcaption@count=\count160
\listindentFB=\dimen153
\descindentFB=\dimen154
\labelindentFB=\dimen155
\labelwidthFB=\dimen156
\leftmarginFB=\dimen157
\parindentFFN=\dimen158
\FBfnindent=\dimen159
)
("C:\Program Files\MiKTeX 2.9\tex\latex\babel-spanish\spanish.ldf"
Language: spanish.ldf 2016/03/03 v5.0p Spanish support from the babel system
\es@quottoks=\toks24
\es@quotdepth=\count161
Package babel Info: Making " an active character on input line 561.
Package babel Info: Making . an active character on input line 662.
Package babel Info: Making < an active character on input line 707.
Package babel Info: Making > an active character on input line 707.
)
("C:\Program Files\MiKTeX 2.9\tex\latex\babel-portuges\portuges.ldf"
Language: portuges 2008/03/18 v1.2q Portuguese support from the babel system
\l@brazil = a dialect from \language\l@portuges 
))
("C:\Program Files\MiKTeX 2.9\tex\latex\carlisle\scalefnt.sty")
("C:\Program Files\MiKTeX 2.9\tex\latex\enumitem\enumitem.sty"
Package: enumitem 2011/09/28 v3.5.2 Customized lists
\labelindent=\skip186
\enit@outerparindent=\dimen160
\enit@toks=\toks25
\enit@inbox=\box29
\enitdp@description=\count162
)
("C:\Program Files\MiKTeX 2.9\tex\latex\tools\calc.sty"
Package: calc 2017/05/25 v4.3 Infix arithmetic (KKT,FJ)
\calc@Acount=\count163
\calc@Bcount=\count164
\calc@Adimen=\dimen161
\calc@Bdimen=\dimen162
\calc@Askip=\skip187
\calc@Bskip=\skip188
LaTeX Info: Redefining \setlength on input line 80.
LaTeX Info: Redefining \addtolength on input line 81.
\calc@Ccount=\count165
\calc@Cskip=\skip189
)

******************************************************
Stock height and width: 845.04684pt by 597.50787pt
Top and edge trims: 0pt and 0pt
Page height and width: 845.04684pt by 597.50787pt
Text height and width: 708pt by 455pt
Spine and edge margins: 85.35826pt and 56.9055pt
Upper and lower margins: 85.35826pt and 51.68858pt
Headheight and headsep: 14.5pt and 19.8738pt
Footskip: 30pt
Columnsep and columnseprule: 10pt and 0pt
Marginparsep and marginparwidth: 7pt and 42.9055pt
Sidecapsep and sidecapwidth: 7pt and 42pt
Sidebarhsep and sidebarwidth: 7pt and 42pt
Sidebarvsep and sidebartopsep: 14.5pt and 0pt
Sidebarheight: 590.14995pt
Sidefoothsep and sidefootwidth: 7pt and 42pt
Sidefootvsep and sidefootheight: 14.5pt and 590.14995pt
******************************************************

\c@abntex@bookmarkcounter=\count166
\cftlastnumwidth=\skip190
\chapternamenumlength=\skip191
\ABNTEXcitacaorecuo=\skip192
\c@alineasi=\count167
\c@alineasii=\count168
\enitdp@alineas=\count169
\c@subalineasi=\count170
\enitdp@subalineas=\count171
\c@incisosi=\count172
\enitdp@incisos=\count173
\ABNTEXsignwidth=\skip193
\ABNTEXsignthickness=\skip194
\ABNTEXsignskip=\skip256
) ("C:\Program Files\MiKTeX 2.9\tex\latex\pdfpages\pdfpages.sty"
Package: pdfpages 2019/11/21 v0.5o Insert pages of external PDF documents (AM)

("C:\Program Files\MiKTeX 2.9\tex\latex\eso-pic\eso-pic.sty"
Package: eso-pic 2018/04/12 v2.0h eso-pic (RN)

("C:\Program Files\MiKTeX 2.9\tex\latex\xcolor\xcolor.sty"
Package: xcolor 2016/05/11 v2.12 LaTeX color extensions (UK)

("C:\Program Files\MiKTeX 2.9\tex\latex\graphics-cfg\color.cfg"
File: color.cfg 2016/01/02 v1.6 sample color configuration
)
Package xcolor Info: Driver file: pdftex.def on input line 225.

("C:\Program Files\MiKTeX 2.9\tex\latex\graphics-def\pdftex.def"
File: pdftex.def 2018/01/08 v1.0l Graphics/color driver for pdftex
)
Package xcolor Info: Model `cmy' substituted by `cmy0' on input line 1348.
Package xcolor Info: Model `hsb' substituted by `rgb' on input line 1352.
Package xcolor Info: Model `RGB' extended on input line 1364.
Package xcolor Info: Model `HTML' substituted by `rgb' on input line 1366.
Package xcolor Info: Model `Hsb' substituted by `hsb' on input line 1367.
Package xcolor Info: Model `tHsb' substituted by `hsb' on input line 1368.
Package xcolor Info: Model `HSB' substituted by `hsb' on input line 1369.
Package xcolor Info: Model `Gray' substituted by `gray' on input line 1370.
Package xcolor Info: Model `wave' substituted by `hsb' on input line 1371.
))
("C:\Program Files\MiKTeX 2.9\tex\latex\graphics\graphicx.sty"
Package: graphicx 2017/06/01 v1.1a Enhanced LaTeX Graphics (DPC,SPQR)

("C:\Program Files\MiKTeX 2.9\tex\latex\graphics\graphics.sty"
Package: graphics 2017/06/25 v1.2c Standard LaTeX Graphics (DPC,SPQR)

("C:\Program Files\MiKTeX 2.9\tex\latex\graphics\trig.sty"
Package: trig 2016/01/03 v1.10 sin cos tan (DPC)
)
("C:\Program Files\MiKTeX 2.9\tex\latex\graphics-cfg\graphics.cfg"
File: graphics.cfg 2016/06/04 v1.11 sample graphics configuration
)
Package graphics Info: Driver file: pdftex.def on input line 99.
)
\Gin@req@height=\dimen163
\Gin@req@width=\dimen164
)
\AM@pagewidth=\dimen165
\AM@pageheight=\dimen166

("C:\Program Files\MiKTeX 2.9\tex\latex\pdfpages\pppdftex.def"
File: pppdftex.def 2019/11/21 v0.5o Pdfpages driver for pdfTeX (AM)
)
\AM@pagebox=\box30
\AM@global@opts=\toks26
\AM@toc@title=\toks27
\c@AM@survey=\count174
\AM@templatesizebox=\box31
)
("C:\Program Files\MiKTeX 2.9\tex\latex\lm\lmodern.sty"
Package: lmodern 2009/10/30 v1.6 Latin Modern Fonts
LaTeX Font Info:    Overwriting symbol font `operators' in version `normal'
(Font)                  OT1/cmr/m/n --> OT1/lmr/m/n on input line 22.
LaTeX Font Info:    Overwriting symbol font `letters' in version `normal'
(Font)                  OML/cmm/m/it --> OML/lmm/m/it on input line 23.
LaTeX Font Info:    Overwriting symbol font `symbols' in version `normal'
(Font)                  OMS/cmsy/m/n --> OMS/lmsy/m/n on input line 24.
LaTeX Font Info:    Overwriting symbol font `largesymbols' in version `normal'
(Font)                  OMX/cmex/m/n --> OMX/lmex/m/n on input line 25.
LaTeX Font Info:    Overwriting symbol font `operators' in version `bold'
(Font)                  OT1/cmr/bx/n --> OT1/lmr/bx/n on input line 26.
LaTeX Font Info:    Overwriting symbol font `letters' in version `bold'
(Font)                  OML/cmm/b/it --> OML/lmm/b/it on input line 27.
LaTeX Font Info:    Overwriting symbol font `symbols' in version `bold'
(Font)                  OMS/cmsy/b/n --> OMS/lmsy/b/n on input line 28.
LaTeX Font Info:    Overwriting symbol font `largesymbols' in version `bold'
(Font)                  OMX/cmex/m/n --> OMX/lmex/m/n on input line 29.
LaTeX Font Info:    Overwriting math alphabet `\mathbf' in version `normal'
(Font)                  OT1/cmr/bx/n --> OT1/lmr/bx/n on input line 31.
LaTeX Font Info:    Overwriting math alphabet `\mathsf' in version `normal'
(Font)                  OT1/cmss/m/n --> OT1/lmss/m/n on input line 32.
LaTeX Font Info:    Overwriting math alphabet `\mathit' in version `normal'
(Font)                  OT1/cmr/m/it --> OT1/lmr/m/it on input line 33.
LaTeX Font Info:    Overwriting math alphabet `\mathtt' in version `normal'
(Font)                  OT1/cmtt/m/n --> OT1/lmtt/m/n on input line 34.
LaTeX Font Info:    Overwriting math alphabet `\mathbf' in version `bold'
(Font)                  OT1/cmr/bx/n --> OT1/lmr/bx/n on input line 35.
LaTeX Font Info:    Overwriting math alphabet `\mathsf' in version `bold'
(Font)                  OT1/cmss/bx/n --> OT1/lmss/bx/n on input line 36.
LaTeX Font Info:    Overwriting math alphabet `\mathit' in version `bold'
(Font)                  OT1/cmr/bx/it --> OT1/lmr/bx/it on input line 37.
LaTeX Font Info:    Overwriting math alphabet `\mathtt' in version `bold'
(Font)                  OT1/cmtt/m/n --> OT1/lmtt/m/n on input line 38.
)
("C:\Program Files\MiKTeX 2.9\tex\latex\base\fontenc.sty"
Package: fontenc 2017/04/05 v2.0i Standard LaTeX package

("C:\Program Files\MiKTeX 2.9\tex\latex\base\t1enc.def"
File: t1enc.def 2017/04/05 v2.0i Standard LaTeX file
LaTeX Font Info:    Redeclaring font encoding T1 on input line 48.
))
("C:\Program Files\MiKTeX 2.9\tex\latex\base\inputenc.sty"
Package: inputenc 2018/04/06 v1.3b Input encoding file
\inpenc@prehook=\toks28
\inpenc@posthook=\toks29
)
("C:\Program Files\MiKTeX 2.9\tex\latex\lastpage\lastpage.sty"
Package: lastpage 2015/03/29 v1.2m Refers to last page's name (HMM; JPG)
)
("C:\Program Files\MiKTeX 2.9\tex\latex\tools\indentfirst.sty"
Package: indentfirst 1995/11/23 v1.03 Indent first paragraph (DPC)
)
("C:\Program Files\MiKTeX 2.9\tex\latex\microtype\microtype.sty"
Package: microtype 2018/01/14 v2.7a Micro-typographical refinements (RS)
\MT@toks=\toks30
\MT@count=\count175
LaTeX Info: Redefining \textls on input line 793.
\MT@outer@kern=\dimen167
LaTeX Info: Redefining \textmicrotypecontext on input line 1339.
\MT@listname@count=\count176

("C:\Program Files\MiKTeX 2.9\tex\latex\microtype\microtype-pdftex.def"
File: microtype-pdftex.def 2018/01/14 v2.7a Definitions specific to pdftex (RS)

LaTeX Info: Redefining \lsstyle on input line 913.
LaTeX Info: Redefining \lslig on input line 913.
\MT@outer@space=\skip257
)
Package microtype Info: Loading configuration file microtype.cfg.

("C:\Program Files\MiKTeX 2.9\tex\latex\microtype\microtype.cfg"
File: microtype.cfg 2018/01/14 v2.7a microtype main configuration file (RS)
))
("C:\Program Files\MiKTeX 2.9\tex\latex\float\float.sty"
Package: float 2001/11/08 v1.3d Float enhancements (AL)
\c@float@type=\count177
\float@exts=\toks31
\float@box=\box32
\@float@everytoks=\toks32
\@floatcapt=\box33
)
("C:\Program Files\MiKTeX 2.9\tex\latex\titlesec\titletoc.sty"
Package: titletoc 2011/12/15 v1.6 TOC entries
\ttl@leftsep=\dimen168
)
("C:\Program Files\MiKTeX 2.9\tex\latex\listings\listings.sty"
\lst@mode=\count178
\lst@gtempboxa=\box34
\lst@token=\toks33
\lst@length=\count179
\lst@currlwidth=\dimen169
\lst@column=\count180
\lst@pos=\count181
\lst@lostspace=\dimen170
\lst@width=\dimen171
\lst@newlines=\count182
\lst@lineno=\count183
\lst@maxwidth=\dimen172

("C:\Program Files\MiKTeX 2.9\tex\latex\listings\lstmisc.sty"
File: lstmisc.sty 2018/09/02 1.7 (Carsten Heinz)
\c@lstnumber=\count184
\lst@skipnumbers=\count185
\lst@framebox=\box35
)
("C:\Program Files\MiKTeX 2.9\tex\latex\listings\listings.cfg"
File: listings.cfg 2018/09/02 1.7 listings configuration
))
Package: listings 2018/09/02 1.7 (Carsten Heinz)

("C:\Program Files\MiKTeX 2.9\tex\latex\graphics\lscape.sty"
Package: lscape 2000/10/22 v3.01 Landscape Pages (DPC)
)
("C:\Program Files\MiKTeX 2.9\tex\latex\hyperref\backref.sty"
Package: backref 2016/05/21 v1.39 Bibliographical back referencing
)
("C:\Program Files\MiKTeX 2.9\tex\latex\abntex2\abntex2cite.sty"
Package: abntex2cite 2016/02/26 v-1.9.6 abnTeX2

("C:\Program Files\MiKTeX 2.9\tex\latex\abntex2\abntex2abrev.sty")
\minimumbiblabelwidth=\skip258
\ABCIauxlen=\skip259
\c@ABCIaux=\count186
\c@ABCImax=\count187

("C:\Program Files\MiKTeX 2.9\tex\latex\relsize\relsize.sty"
Package: relsize 2013/03/29 ver 4.1
)
\biblabelsep=\skip260
LaTeX Info: Redefining \newblock on input line 591.
LaTeX Info: Redefining \cite on input line 618.
\ABCItoken=\toks34
)
("C:\Program Files\MiKTeX 2.9\tex\latex\multirow\multirow.sty"
Package: multirow 2018/08/03 v2.3 Span multiple rows of a table
\multirow@colwidth=\skip261
\multirow@cntb=\count188
\multirow@dima=\skip262
\bigstrutjot=\dimen173
)
LaTeX Font Info:    Try loading font information for T1+lmr on input line 66.

("C:\Program Files\MiKTeX 2.9\tex\latex\lm\t1lmr.fd"
File: t1lmr.fd 2009/10/30 v1.6 Font defs for Latin Modern
)
("C:\Program Files\MiKTeX 2.9\tex\latex\caption\subcaption.sty"
Package: subcaption 2019/09/01 v1.3a Sub-captions (AR)


Class memoir Warning: You are using the caption package with the memoir class. 
To prepare we will now reset all captioning macros and configurations to kernel
 defaults, and then let the caption package take over. Please remember to use
 the caption package interfaces in order to
 configure your captions.

("C:\Program Files\MiKTeX 2.9\tex\latex\caption\caption.sty"
Package: caption 2019/09/01 v3.3d Customizing captions (AR)

("C:\Program Files\MiKTeX 2.9\tex\latex\caption\caption3.sty"
Package: caption3 2019/09/01 v1.8d caption3 kernel (AR)
Package caption3 Info: TeX engine: e-TeX on input line 64.
\captionmargin=\dimen174
\captionmargin@=\dimen175
\captionwidth=\dimen176
\caption@tempdima=\dimen177
\caption@indent=\dimen178
\caption@parindent=\dimen179
\caption@hangindent=\dimen180
)
\c@caption@flags=\count189
\c@ContinuedFloat=\count190
Package caption Info: float package is loaded.
Package caption Info: hyperref package is loaded.
Package caption Info: listings package is loaded.
)
\c@subfigure=\count191
\c@subtable=\count192
Package subcaption Info: \subfloat is already defined.
)
("TCC - Em Andamento V 1.7.aux"

LaTeX Warning: Label `fig:realpredito' multiply defined.


LaTeX Warning: Label `fig:rptreinomg' multiply defined.


LaTeX Warning: Label `sub@fig:rptreinomg' multiply defined.


LaTeX Warning: Label `fig:rptestemg' multiply defined.


LaTeX Warning: Label `sub@fig:rptestemg' multiply defined.


LaTeX Warning: Label `fig:realpredito' multiply defined.


LaTeX Warning: Label `fig:rptreinomg' multiply defined.


LaTeX Warning: Label `sub@fig:rptreinomg' multiply defined.


LaTeX Warning: Label `fig:rptestemg' multiply defined.


LaTeX Warning: Label `sub@fig:rptestemg' multiply defined.

)
\openout1 = `"TCC - Em Andamento V 1.7.aux"'.

LaTeX Font Info:    Checking defaults for OML/cmm/m/it on input line 196.
LaTeX Font Info:    ... okay on input line 196.
LaTeX Font Info:    Checking defaults for T1/cmr/m/n on input line 196.
LaTeX Font Info:    ... okay on input line 196.
LaTeX Font Info:    Checking defaults for OT1/cmr/m/n on input line 196.
LaTeX Font Info:    ... okay on input line 196.
LaTeX Font Info:    Checking defaults for OMS/cmsy/m/n on input line 196.
LaTeX Font Info:    ... okay on input line 196.
LaTeX Font Info:    Checking defaults for OMX/cmex/m/n on input line 196.
LaTeX Font Info:    ... okay on input line 196.
LaTeX Font Info:    Checking defaults for U/cmr/m/n on input line 196.
LaTeX Font Info:    ... okay on input line 196.
LaTeX Font Info:    Checking defaults for PD1/pdf/m/n on input line 196.
LaTeX Font Info:    ... okay on input line 196.
\AtBeginShipoutBox=\box36
Package hyperref Info: Link coloring OFF on input line 196.
 ("C:\Program Files\MiKTeX 2.9\tex\latex\hyperref\nameref.sty"
Package: nameref 2016/05/21 v2.44 Cross-referencing by name of section

("C:\Program Files\MiKTeX 2.9\tex\generic\oberdiek\gettitlestring.sty"
Package: gettitlestring 2016/05/16 v1.5 Cleanup title references (HO)
)
\c@section@level=\count193
)
Redoing nameref's sectioning
Redoing nameref's label
LaTeX Info: Redefining \nameref on input line 196.
LaTeX Info: Redefining \ref on input line 196.
LaTeX Info: Redefining \pageref on input line 196.
LaTeX Info: Redefining \nameref on input line 196.
LaTeX Info: Redefining \degres on input line 196.
LaTeX Info: Redefining \dots on input line 196.
LaTeX Info: Redefining \up on input line 196.
\myptabbox=\box37
\myptabboxwidth=\skip263
("C:\Program Files\MiKTeX 2.9\tex\context\base\supp-pdf.mkii"
[Loading MPS to PDF converter (version 2006.09.02).]
\scratchcounter=\count194
\scratchdimen=\dimen181
\scratchbox=\box38
\nofMPsegments=\count266
\nofMParguments=\count267
\everyMPshowfont=\toks35
\MPscratchCnt=\count268
\MPscratchDim=\dimen182
\MPnumerator=\count269
\makeMPintoPDFobject=\count270
\everyMPtoPDFconversion=\toks36
) ("C:\Program Files\MiKTeX 2.9\tex\latex\oberdiek\epstopdf-base.sty"
Package: epstopdf-base 2016/05/15 v2.6 Base part for package epstopdf

("C:\Program Files\MiKTeX 2.9\tex\latex\oberdiek\grfext.sty"
Package: grfext 2016/05/16 v1.2 Manage graphics extensions (HO)
)
Package epstopdf-base Info: Redefining graphics rule for `.eps' on input line 4
38.
Package grfext Info: Graphics extension search list:
(grfext)             [.pdf,.png,.jpg,.mps,.jpeg,.jbig2,.jb2,.PDF,.PNG,.JPG,.JPE
G,.JBIG2,.JB2,.eps]
(grfext)             \AppendGraphicsExtensions on input line 456.
)
("C:\Program Files\MiKTeX 2.9\tex\latex\oberdiek\pdflscape.sty"
Package: pdflscape 2016/05/14 v0.11 Display of landscape pages in PDF (HO)
Package pdflscape Info: Auto-detected driver: pdftex on input line 81.
)
Package lastpage Info: Please have a look at the pageslts package at
(lastpage)             https://www.ctan.org/pkg/pageslts
(lastpage)             ! on input line 196.
LaTeX Info: Redefining \microtypecontext on input line 196.
Package microtype Info: Generating PDF output.
Package microtype Info: Character protrusion enabled (level 2).
Package microtype Info: Using default protrusion set `alltext'.
Package microtype Info: Automatic font expansion enabled (level 2),
(microtype)             stretch: 20, shrink: 20, step: 1, non-selected.
Package microtype Info: Using default expansion set `basictext'.
Package microtype Info: No adjustment of tracking.
Package microtype Info: No adjustment of interword spacing.
Package microtype Info: No adjustment of character kerning.

("C:\Program Files\MiKTeX 2.9\tex\latex\microtype\mt-cmr.cfg"
File: mt-cmr.cfg 2013/05/19 v2.2 microtype config. file: Computer Modern Roman 
(RS)
)
\c@lstlisting=\count271
Package caption Info: Begin \AtBeginDocument code.
Package caption Info: End \AtBeginDocument code.
<imagens/ufrb.jpg, id=3, 501.875pt x 339.2675pt>
File: imagens/ufrb.jpg Graphic file (type jpg)
<use imagens/ufrb.jpg>
Package pdftex.def Info: imagens/ufrb.jpg  used on input line 240.
(pdftex.def)             Requested size: 142.26378pt x 96.16937pt.
LaTeX Font Info:    Try loading font information for OT1+lmr on input line 270.


("C:\Program Files\MiKTeX 2.9\tex\latex\lm\ot1lmr.fd"
File: ot1lmr.fd 2009/10/30 v1.6 Font defs for Latin Modern
)
LaTeX Font Info:    Try loading font information for OML+lmm on input line 270.


("C:\Program Files\MiKTeX 2.9\tex\latex\lm\omllmm.fd"
File: omllmm.fd 2009/10/30 v1.6 Font defs for Latin Modern
)
LaTeX Font Info:    Try loading font information for OMS+lmsy on input line 270
.

("C:\Program Files\MiKTeX 2.9\tex\latex\lm\omslmsy.fd"
File: omslmsy.fd 2009/10/30 v1.6 Font defs for Latin Modern
)
LaTeX Font Info:    Try loading font information for OMX+lmex on input line 270
.

("C:\Program Files\MiKTeX 2.9\tex\latex\lm\omxlmex.fd"
File: omxlmex.fd 2009/10/30 v1.6 Font defs for Latin Modern
)
LaTeX Font Info:    External font `lmex10' loaded for size
(Font)              <12> on input line 270.
LaTeX Font Info:    External font `lmex10' loaded for size
(Font)              <8> on input line 270.
LaTeX Font Info:    External font `lmex10' loaded for size
(Font)              <6> on input line 270.
 [1

{C:/Users/Lucas Henrique/AppData/Local/MiKTeX/2.9/pdftex/config/pdftex.map} <./
imagens/ufrb.jpg>]
[2]
<imagens/brasao.jpg, id=17, 247.8861pt x 282.5757pt>
File: imagens/brasao.jpg Graphic file (type jpg)
<use imagens/brasao.jpg>
Package pdftex.def Info: imagens/brasao.jpg  used on input line 281.
(pdftex.def)             Requested size: 71.13188pt x 81.0868pt.
 [3

 <./imagens/brasao.jpg>]
LaTeX Font Info:    Try loading font information for T1+lmss on input line 310.


("C:\Program Files\MiKTeX 2.9\tex\latex\lm\t1lmss.fd"
File: t1lmss.fd 2009/10/30 v1.6 Font defs for Latin Modern
)
Package microtype Info: Loading generic protrusion settings for font family
(microtype)             `lmss' (encoding: T1).
(microtype)             For optimal results, create family-specific settings.
(microtype)             See the microtype manual for details.
 [4

] [5


] [6

]
("TCC - Em Andamento V 1.7.lof") [7

] [8] [9


] ("TCC - Em Andamento V 1.7.toc"
LaTeX Font Info:    Font shape `T1/lmss/bx/it' in size <12> not available
(Font)              Font shape `T1/lmss/bx/sl' tried instead on input line 35.

[10

]) [11] [12] [13


] [14] [15] [16] [17]
LaTeX Font Info:    Try loading font information for OMS+lmr on input line 480.


("C:\Program Files\MiKTeX 2.9\tex\latex\lm\omslmr.fd"
File: omslmr.fd 2009/10/30 v1.6 Font defs for Latin Modern
)
LaTeX Font Info:    Font shape `OMS/lmr/m/n' in size <12> not available
(Font)              Font shape `OMS/lmsy/m/n' tried instead on input line 480.
 [18

]
<Imagens/metodologianovo.png, id=321, 794.2172pt x 738.50906pt>
File: Imagens/metodologianovo.png Graphic file (type png)
<use Imagens/metodologianovo.png>
Package pdftex.def Info: Imagens/metodologianovo.png  used on input line 500.
(pdftex.def)             Requested size: 455.0pt x 423.0956pt.

Underfull \hbox (badness 10000) in paragraph at lines 497--505

 []

LaTeX Font Info:    External font `lmex10' loaded for size
(Font)              <10> on input line 509.
LaTeX Font Info:    External font `lmex10' loaded for size
(Font)              <7> on input line 509.
LaTeX Font Info:    External font `lmex10' loaded for size
(Font)              <5> on input line 509.
[19

 <./Imagens/metodologianovo.png>]
LaTeX Font Info:    Font shape `OMS/lmr/m/n' in size <8> not available
(Font)              Font shape `OMS/lmsy/m/n' tried instead on input line 511.
 [20] [21] [22

] [23] [24]
<Imagens/aprendizado.png, id=395, 537.50812pt x 456.95718pt>
File: Imagens/aprendizado.png Graphic file (type png)
<use Imagens/aprendizado.png>
Package pdftex.def Info: Imagens/aprendizado.png  used on input line 611.
(pdftex.def)             Requested size: 273.00278pt x 232.08983pt.
 [25 <./Imagens/aprendizado.png>] [26] [27] [28] [29] [30] [31] [32]
<Imagens/modelo.png, id=517, 500.62032pt x 125.71968pt>
File: Imagens/modelo.png Graphic file (type png)
<use Imagens/modelo.png>
Package pdftex.def Info: Imagens/modelo.png  used on input line 865.
(pdftex.def)             Requested size: 409.49722pt x 102.8395pt.
 [33 <./Imagens/modelo.png>]
[34] [35]
LaTeX Font Info:    Font shape `T1/lmss/m/it' in size <17.28> not available
(Font)              Font shape `T1/lmss/m/sl' tried instead on input line 925.


LaTeX Warning: `h' float specifier changed to `ht'.

<Imagens/idtree.png, id=554, 741.52031pt x 574.39594pt>
File: Imagens/idtree.png Graphic file (type png)
<use Imagens/idtree.png>
Package pdftex.def Info: Imagens/idtree.png  used on input line 958.
(pdftex.def)             Requested size: 409.49722pt x 317.20712pt.
[36] [37 <./Imagens/idtree.png>]
<Imagens/random_forrest.png, id=574, 666.23906pt x 533.74406pt>
File: Imagens/random_forrest.png Graphic file (type png)
<use Imagens/random_forrest.png>
Package pdftex.def Info: Imagens/random_forrest.png  used on input line 982.
(pdftex.def)             Requested size: 409.49722pt x 328.0674pt.
 [38] [39 <./Imagens/random_forrest.png>]
[40] [41

]
<Imagens/casouso.png, id=598, 766.865pt x 805.0075pt>
File: Imagens/casouso.png Graphic file (type png)
<use Imagens/casouso.png>
Package pdftex.def Info: Imagens/casouso.png  used on input line 1065.
(pdftex.def)             Requested size: 318.49861pt x 334.34213pt.
 [42] [43 <./Imagens/casouso.png>] [44] [45

]
<Imagens/mapa.png, id=628, 1443.89438pt x 707.64375pt>
File: Imagens/mapa.png Graphic file (type png)
<use Imagens/mapa.png>
Package pdftex.def Info: Imagens/mapa.png  used on input line 1134.
(pdftex.def)             Requested size: 364.00139pt x 178.38979pt.
<Imagens/amostra.png, id=630, 224.33812pt x 239.39438pt>
File: Imagens/amostra.png Graphic file (type png)
<use Imagens/amostra.png>
Package pdftex.def Info: Imagens/amostra.png  used on input line 1144.
(pdftex.def)             Requested size: 136.50139pt x 145.66505pt.
 [46 <./Imagens/mapa.png>] [47 <./Imagens/amostra.png>]
Overfull \hbox (17.75386pt too wide) in paragraph at lines 1164--1176
 [][] 
 []

LaTeX Font Info:    External font `lmex10' loaded for size
(Font)              <14.4> on input line 1182.
[48]
Overfull \hbox (1.51631pt too wide) in paragraph at lines 1192--1192
 [][] [][][]\T1/lmr/m/n/10 (-20) Mais in-for-ma-ções po-dem ser ob-ti-das no se
-guinte en-de-reço []https://www.jawg.io/docs/apidocs/elevation/.[]| 
 []

[49] ("C:\Program Files\MiKTeX 2.9\tex\latex\listings\lstlang1.sty"
File: lstlang1.sty 2018/09/02 1.7 listings language file
)
LaTeX Font Info:    Try loading font information for T1+lmtt on input line 1210
.

("C:\Program Files\MiKTeX 2.9\tex\latex\lm\t1lmtt.fd"
File: t1lmtt.fd 2009/10/30 v1.6 Font defs for Latin Modern
)
Package microtype Info: Loading generic protrusion settings for font family
(microtype)             `lmtt' (encoding: T1).
(microtype)             For optimal results, create family-specific settings.
(microtype)             See the microtype manual for details.
 [50]
LaTeX Font Info:    Font shape `T1/lmtt/bx/n' in size <8> not available
(Font)              Font shape `T1/lmtt/b/n' tried instead on input line 1246.
 [51]
<Imagens/capredito.png, id=719, 793.96625pt x 681.54625pt>
File: Imagens/capredito.png Graphic file (type png)
<use Imagens/capredito.png>
Package pdftex.def Info: Imagens/capredito.png  used on input line 1296.
(pdftex.def)             Requested size: 318.49861pt x 273.40404pt.
<Imagens/capreditoerrado.png, id=720, 793.96625pt x 681.54625pt>
File: Imagens/capreditoerrado.png Graphic file (type png)
<use Imagens/capreditoerrado.png>
Package pdftex.def Info: Imagens/capreditoerrado.png  used on input line 1304.
(pdftex.def)             Requested size: 318.49861pt x 273.40404pt.
 [52 <./Imagens/capredito.png>] [53 <./Imagens/capreditoerrado.png>] [54] [55] 
[56] [57]
[58] [59]
<Imagens/ImagensTCC/GBR/NA/treino.png, id=860, 1169.11781pt x 626.34pt>
File: Imagens/ImagensTCC/GBR/NA/treino.png Graphic file (type png)
<use Imagens/ImagensTCC/GBR/NA/treino.png>
Package pdftex.def Info: Imagens/ImagensTCC/GBR/NA/treino.png  used on input li
ne 1527.
(pdftex.def)             Requested size: 364.00139pt x 195.00441pt.
<Imagens/ImagensTCC/GBR/MG/cavalidacao.png, id=862, 1197.72469pt x 631.60968pt>

File: Imagens/ImagensTCC/GBR/MG/cavalidacao.png Graphic file (type png)
<use Imagens/ImagensTCC/GBR/MG/cavalidacao.png>
Package pdftex.def Info: Imagens/ImagensTCC/GBR/MG/cavalidacao.png  used on inp
ut line 1537.
(pdftex.def)             Requested size: 364.00139pt x 191.95158pt.
 [60 <./Imagens/ImagensTCC/GBR/NA/treino.png> <./Imagens/ImagensTCC/GBR/MG/cava
lidacao.png>] [61]
<Imagens/diagramaSistema.png, id=887, 718.685pt x 593.21625pt>
File: Imagens/diagramaSistema.png Graphic file (type png)
<use Imagens/diagramaSistema.png>
Package pdftex.def Info: Imagens/diagramaSistema.png  used on input line 1581.
(pdftex.def)             Requested size: 364.00139pt x 300.46344pt.
 [62 <./Imagens/diagramaSistema.png>] [63

]
File: Imagens/ImagensTCC/GBR/MG/cavalidacao.png Graphic file (type png)
<use Imagens/ImagensTCC/GBR/MG/cavalidacao.png>
Package pdftex.def Info: Imagens/ImagensTCC/GBR/MG/cavalidacao.png  used on inp
ut line 1644.
(pdftex.def)             Requested size: 364.00139pt x 191.95158pt.
<Imagens/ImagensTCC/GBR/MG/r2validacao.png, id=899, 1178.15157pt x 632.3625pt>
File: Imagens/ImagensTCC/GBR/MG/r2validacao.png Graphic file (type png)
<use Imagens/ImagensTCC/GBR/MG/r2validacao.png>
Package pdftex.def Info: Imagens/ImagensTCC/GBR/MG/r2validacao.png  used on inp
ut line 1651.
(pdftex.def)             Requested size: 364.00139pt x 195.3742pt.
<Imagens/ImagensTCC/RFR/NA/cavalidacao.png, id=900, 1182.66844pt x 629.35126pt>

File: Imagens/ImagensTCC/RFR/NA/cavalidacao.png Graphic file (type png)
<use Imagens/ImagensTCC/RFR/NA/cavalidacao.png>
Package pdftex.def Info: Imagens/ImagensTCC/RFR/NA/cavalidacao.png  used on inp
ut line 1659.
(pdftex.def)             Requested size: 364.00139pt x 193.69481pt.
 [64 <./Imagens/ImagensTCC/GBR/MG/r2validacao.png>]
<Imagens/ImagensTCC/RFR/NA/r2validacao.png, id=906, 1179.65718pt x 637.63219pt>

File: Imagens/ImagensTCC/RFR/NA/r2validacao.png Graphic file (type png)
<use Imagens/ImagensTCC/RFR/NA/r2validacao.png>
Package pdftex.def Info: Imagens/ImagensTCC/RFR/NA/r2validacao.png  used on inp
ut line 1666.
(pdftex.def)             Requested size: 364.00139pt x 196.74936pt.
<Imagens/ImagensTCC/GBR/K/cavalidacao.png, id=907, 1191.7022pt x 626.34pt>
File: Imagens/ImagensTCC/GBR/K/cavalidacao.png Graphic file (type png)
<use Imagens/ImagensTCC/GBR/K/cavalidacao.png>
Package pdftex.def Info: Imagens/ImagensTCC/GBR/K/cavalidacao.png  used on inpu
t line 1674.
(pdftex.def)             Requested size: 364.00139pt x 191.30579pt.
<Imagens/ImagensTCC/GBR/K/r2validacao.png, id=908, 1183.42125pt x 637.63219pt>
File: Imagens/ImagensTCC/GBR/K/r2validacao.png Graphic file (type png)
<use Imagens/ImagensTCC/GBR/K/r2validacao.png>
Package pdftex.def Info: Imagens/ImagensTCC/GBR/K/r2validacao.png  used on inpu
t line 1681.
(pdftex.def)             Requested size: 364.00139pt x 196.12668pt.
 [65 <./Imagens/ImagensTCC/RFR/NA/cavalidacao.png> <./Imagens/ImagensTCC/RFR/NA
/r2validacao.png> <./Imagens/ImagensTCC/GBR/K/cavalidacao.png>]
<Imagens/ImagensTCC/GBR/MG/treino.png, id=916, 1182.66844pt x 625.58719pt>
File: Imagens/ImagensTCC/GBR/MG/treino.png Graphic file (type png)
<use Imagens/ImagensTCC/GBR/MG/treino.png>
Package pdftex.def Info: Imagens/ImagensTCC/GBR/MG/treino.png  used on input li
ne 1693.
(pdftex.def)             Requested size: 227.5pt x 120.33282pt.
<Imagens/ImagensTCC/GBR/MG/teste.png, id=917, 1178.15157pt x 628.59843pt>
File: Imagens/ImagensTCC/GBR/MG/teste.png Graphic file (type png)
<use Imagens/ImagensTCC/GBR/MG/teste.png>
Package pdftex.def Info: Imagens/ImagensTCC/GBR/MG/teste.png  used on input lin
e 1699.
(pdftex.def)             Requested size: 227.5pt x 121.38203pt.
<Imagens/ImagensTCC/RFR/NA/treino.png, id=918, 1175.14032pt x 637.63219pt>
File: Imagens/ImagensTCC/RFR/NA/treino.png Graphic file (type png)
<use Imagens/ImagensTCC/RFR/NA/treino.png>
Package pdftex.def Info: Imagens/ImagensTCC/RFR/NA/treino.png  used on input li
ne 1711.
(pdftex.def)             Requested size: 227.5pt x 123.43779pt.
<Imagens/ImagensTCC/RFR/NA/teste.png, id=919, 1185.67969pt x 636.87938pt>
File: Imagens/ImagensTCC/RFR/NA/teste.png Graphic file (type png)
<use Imagens/ImagensTCC/RFR/NA/teste.png>
Package pdftex.def Info: Imagens/ImagensTCC/RFR/NA/teste.png  used on input lin
e 1717.
(pdftex.def)             Requested size: 227.5pt x 122.19392pt.
<Imagens/ImagensTCC/GBR/K/treino.png, id=920, 1175.89313pt x 621.07031pt>
File: Imagens/ImagensTCC/GBR/K/treino.png Graphic file (type png)
<use Imagens/ImagensTCC/GBR/K/treino.png>
Package pdftex.def Info: Imagens/ImagensTCC/GBR/K/treino.png  used on input lin
e 1729.
(pdftex.def)             Requested size: 227.5pt x 120.1558pt.
<Imagens/ImagensTCC/GBR/K/teste.png, id=921, 1173.63469pt x 625.58719pt>
File: Imagens/ImagensTCC/GBR/K/teste.png Graphic file (type png)
<use Imagens/ImagensTCC/GBR/K/teste.png>
Package pdftex.def Info: Imagens/ImagensTCC/GBR/K/teste.png  used on input line
 1735.
(pdftex.def)             Requested size: 227.5pt x 121.25876pt.


LaTeX Warning: `h' float specifier changed to `ht'.

[66 <./Imagens/ImagensTCC/GBR/K/r2validacao.png> <./Imagens/ImagensTCC/GBR/MG/t
reino.png> <./Imagens/ImagensTCC/GBR/MG/teste.png> <./Imagens/ImagensTCC/RFR/NA
/treino.png> <./Imagens/ImagensTCC/RFR/NA/teste.png>]
<Imagens/ImagensTCC/GBR/MG/correlacao.png, id=930, 1202.24156pt x 642.14906pt>
File: Imagens/ImagensTCC/GBR/MG/correlacao.png Graphic file (type png)
<use Imagens/ImagensTCC/GBR/MG/correlacao.png>
Package pdftex.def Info: Imagens/ImagensTCC/GBR/MG/correlacao.png  used on inpu
t line 1747.
(pdftex.def)             Requested size: 364.00139pt x 194.41971pt.
<Imagens/ImagensTCC/RFR/NA/correlacao.png, id=931, 1199.98312pt x 646.66594pt>
File: Imagens/ImagensTCC/RFR/NA/correlacao.png Graphic file (type png)
<use Imagens/ImagensTCC/RFR/NA/correlacao.png>
Package pdftex.def Info: Imagens/ImagensTCC/RFR/NA/correlacao.png  used on inpu
t line 1754.
(pdftex.def)             Requested size: 364.00139pt x 196.15234pt.
 [67 <./Imagens/ImagensTCC/GBR/K/treino.png> <./Imagens/ImagensTCC/GBR/K/teste.
png> <./Imagens/ImagensTCC/GBR/MG/correlacao.png>]
<Imagens/ImagensTCC/GBR/K/correlacao.png, id=940, 1191.7022pt x 630.85687pt>
File: Imagens/ImagensTCC/GBR/K/correlacao.png Graphic file (type png)
<use Imagens/ImagensTCC/GBR/K/correlacao.png>
Package pdftex.def Info: Imagens/ImagensTCC/GBR/K/correlacao.png  used on input
 line 1761.
(pdftex.def)             Requested size: 364.00139pt x 192.68541pt.
 [68 <./Imagens/ImagensTCC/RFR/NA/correlacao.png> <./Imagens/ImagensTCC/GBR/K/c
orrelacao.png>] [69] ("TCC - Em Andamento V 1.7.bbl"
("TCC - Em Andamento V 1.7.brf")
\tf@brf=\write4
\openout4 = `"TCC - Em Andamento V 1.7.brf"'.

 [70

]

Package hyperref Warning: Token not allowed in a PDF string (PDFDocEncoding):
(hyperref)                removing `\uppercase' on input line 3.

bibitemlist
[71

]) [72] [73

] [74]
<resultadoOriginal1.pdf, id=1082, 614.295pt x 794.97pt>
File: resultadoOriginal1.pdf Graphic file (type pdf)
<use resultadoOriginal1.pdf>
Package pdftex.def Info: resultadoOriginal1.pdf  used on input line 1871.
(pdftex.def)             Requested size: 614.29349pt x 794.96806pt.
File: resultadoOriginal1.pdf Graphic file (type pdf)
<use resultadoOriginal1.pdf>
Package pdftex.def Info: resultadoOriginal1.pdf  used on input line 1871.
(pdftex.def)             Requested size: 614.29349pt x 794.96806pt.
<resultadoOriginal1.pdf, id=1085, page=1, 614.295pt x 794.97pt>
File: resultadoOriginal1.pdf Graphic file (type pdf)
<use resultadoOriginal1.pdf, page 1>
Package pdftex.def Info: resultadoOriginal1.pdf , page1 used on input line 1871
.
(pdftex.def)             Requested size: 614.29349pt x 794.96806pt.
File: resultadoOriginal1.pdf Graphic file (type pdf)
<use resultadoOriginal1.pdf, page 1>
Package pdftex.def Info: resultadoOriginal1.pdf , page1 used on input line 1871
.
(pdftex.def)             Requested size: 597.78697pt x 773.60669pt.
 [75

]
File: resultadoOriginal1.pdf Graphic file (type pdf)
<use resultadoOriginal1.pdf, page 1>
Package pdftex.def Info: resultadoOriginal1.pdf , page1 used on input line 1871
.
(pdftex.def)             Requested size: 597.78697pt x 773.60669pt.
File: resultadoOriginal1.pdf Graphic file (type pdf)
<use resultadoOriginal1.pdf, page 1>
Package pdftex.def Info: resultadoOriginal1.pdf , page1 used on input line 1871
.
(pdftex.def)             Requested size: 597.78697pt x 773.60669pt.
File: resultadoOriginal1.pdf Graphic file (type pdf)
<use resultadoOriginal1.pdf, page 1>
Package pdftex.def Info: resultadoOriginal1.pdf , page1 used on input line 1871
.
(pdftex.def)             Requested size: 597.78697pt x 773.60669pt.
 [76 <./resultadoOriginal1.pdf>]
<resultadoOriginal1.pdf, id=1127, page=2, 614.295pt x 794.97pt>
File: resultadoOriginal1.pdf Graphic file (type pdf)
<use resultadoOriginal1.pdf, page 2>
Package pdftex.def Info: resultadoOriginal1.pdf , page2 used on input line 1871
.
(pdftex.def)             Requested size: 597.78697pt x 773.60669pt.
File: resultadoOriginal1.pdf Graphic file (type pdf)
<use resultadoOriginal1.pdf, page 2>
Package pdftex.def Info: resultadoOriginal1.pdf , page2 used on input line 1871
.
(pdftex.def)             Requested size: 597.78697pt x 773.60669pt.
File: resultadoOriginal1.pdf Graphic file (type pdf)
<use resultadoOriginal1.pdf, page 2>
Package pdftex.def Info: resultadoOriginal1.pdf , page2 used on input line 1871
.
(pdftex.def)             Requested size: 597.78697pt x 773.60669pt.
 [77 <./resultadoOriginal1.pdf>]
<resultadoPredito1.pdf, id=1132, 614.295pt x 794.97pt>
File: resultadoPredito1.pdf Graphic file (type pdf)
<use resultadoPredito1.pdf>
Package pdftex.def Info: resultadoPredito1.pdf  used on input line 1872.
(pdftex.def)             Requested size: 614.29349pt x 794.96806pt.
File: resultadoPredito1.pdf Graphic file (type pdf)
<use resultadoPredito1.pdf>
Package pdftex.def Info: resultadoPredito1.pdf  used on input line 1872.
(pdftex.def)             Requested size: 614.29349pt x 794.96806pt.
<resultadoPredito1.pdf, id=1135, page=1, 614.295pt x 794.97pt>
File: resultadoPredito1.pdf Graphic file (type pdf)
<use resultadoPredito1.pdf, page 1>
Package pdftex.def Info: resultadoPredito1.pdf , page1 used on input line 1872.

(pdftex.def)             Requested size: 614.29349pt x 794.96806pt.
File: resultadoPredito1.pdf Graphic file (type pdf)
<use resultadoPredito1.pdf, page 1>
Package pdftex.def Info: resultadoPredito1.pdf , page1 used on input line 1872.

(pdftex.def)             Requested size: 597.78697pt x 773.60669pt.
File: resultadoPredito1.pdf Graphic file (type pdf)
<use resultadoPredito1.pdf, page 1>
Package pdftex.def Info: resultadoPredito1.pdf , page1 used on input line 1872.

(pdftex.def)             Requested size: 597.78697pt x 773.60669pt.
File: resultadoPredito1.pdf Graphic file (type pdf)
<use resultadoPredito1.pdf, page 1>
Package pdftex.def Info: resultadoPredito1.pdf , page1 used on input line 1872.

(pdftex.def)             Requested size: 597.78697pt x 773.60669pt.
File: resultadoPredito1.pdf Graphic file (type pdf)
<use resultadoPredito1.pdf, page 1>
Package pdftex.def Info: resultadoPredito1.pdf , page1 used on input line 1872.

(pdftex.def)             Requested size: 597.78697pt x 773.60669pt.
 [78 <./resultadoPredito1.pdf>]
<resultadoPredito1.pdf, id=1173, page=2, 614.295pt x 794.97pt>
File: resultadoPredito1.pdf Graphic file (type pdf)
<use resultadoPredito1.pdf, page 2>
Package pdftex.def Info: resultadoPredito1.pdf , page2 used on input line 1872.

(pdftex.def)             Requested size: 597.78697pt x 773.60669pt.
File: resultadoPredito1.pdf Graphic file (type pdf)
<use resultadoPredito1.pdf, page 2>
Package pdftex.def Info: resultadoPredito1.pdf , page2 used on input line 1872.

(pdftex.def)             Requested size: 597.78697pt x 773.60669pt.
File: resultadoPredito1.pdf Graphic file (type pdf)
<use resultadoPredito1.pdf, page 2>
Package pdftex.def Info: resultadoPredito1.pdf , page2 used on input line 1872.

(pdftex.def)             Requested size: 597.78697pt x 773.60669pt.
 [79 <./resultadoPredito1.pdf>]

AED: lastpage setting LastPage
\tf@lof=\write5
\openout5 = `"TCC - Em Andamento V 1.7.lof"'.

\tf@toc=\write6
\openout6 = `"TCC - Em Andamento V 1.7.toc"'.

Package atveryend Info: Empty hook `BeforeClearDocument' on input line 1875.
Package atveryend Info: Empty hook `AfterLastShipout' on input line 1875.
("TCC - Em Andamento V 1.7.aux")
Package atveryend Info: Executing hook `AtVeryEndDocument' on input line 1875.
Package atveryend Info: Executing hook `AtEndAfterFileList' on input line 1875.

Package rerunfilecheck Info: File `"TCC - Em Andamento V 1.7".brf' has not chan
ged.
(rerunfilecheck)             Checksum: E077E84ABCE79BF621865CC3EEDF87F7;3794.


LaTeX Warning: There were multiply-defined labels.

Package atveryend Info: Empty hook `AtVeryVeryEnd' on input line 1875.
 ) 
Here is how much of TeX's memory you used:
 19000 strings out of 492970
 288129 string characters out of 3135826
 819157 words of memory out of 3000000
 21953 multiletter control sequences out of 15000+200000
 115304 words of font info for 163 fonts, out of 3000000 for 9000
 1141 hyphenation exceptions out of 8191
 45i,18n,46p,1575b,2033s stack positions out of 5000i,500n,10000p,200000b,50000s
{C:/Program Files/MiKTeX 2.9/fonts/enc/dvips/lm/lm-ec.enc}{C:/Program Files/M
iKTeX 2.9/fonts/enc/dvips/lm/lm-mathex.enc}{C:/Program Files/MiKTeX 2.9/fonts/e
nc/dvips/lm/lm-mathit.enc}{C:/Program Files/MiKTeX 2.9/fonts/enc/dvips/lm/lm-rm
.enc}{C:/Program Files/MiKTeX 2.9/fonts/enc/dvips/lm/lm-mathsy.enc}<C:/Program 
Files/MiKTeX 2.9/fonts/type1/public/lm/lmbx12.pfb><C:/Program Files/MiKTeX 2.9/
fonts/type1/public/lm/lmbxi10.pfb><C:/Program Files/MiKTeX 2.9/fonts/type1/publ
ic/lm/lmex10.pfb><C:/Program Files/MiKTeX 2.9/fonts/type1/public/lm/lmmi12.pfb>
<C:/Program Files/MiKTeX 2.9/fonts/type1/public/lm/lmmi8.pfb><C:/Program Files/
MiKTeX 2.9/fonts/type1/public/lm/lmr10.pfb><C:/Program Files/MiKTeX 2.9/fonts/t
ype1/public/lm/lmr12.pfb><C:/Program Files/MiKTeX 2.9/fonts/type1/public/lm/lmr
17.pfb><C:/Program Files/MiKTeX 2.9/fonts/type1/public/lm/lmr6.pfb><C:/Program 
Files/MiKTeX 2.9/fonts/type1/public/lm/lmr7.pfb><C:/Program Files/MiKTeX 2.9/fo
nts/type1/public/lm/lmr8.pfb><C:/Program Files/MiKTeX 2.9/fonts/type1/public/lm
/lmri10.pfb><C:/Program Files/MiKTeX 2.9/fonts/type1/public/lm/lmri12.pfb><C:/P
rogram Files/MiKTeX 2.9/fonts/type1/public/lm/lmss10.pfb><C:/Program Files/MiKT
eX 2.9/fonts/type1/public/lm/lmss12.pfb><C:/Program Files/MiKTeX 2.9/fonts/type
1/public/lm/lmss17.pfb><C:/Program Files/MiKTeX 2.9/fonts/type1/public/lm/lmss8
.pfb><C:/Program Files/MiKTeX 2.9/fonts/type1/public/lm/lmssbo10.pfb><C:/Progra
m Files/MiKTeX 2.9/fonts/type1/public/lm/lmssbx10.pfb><C:/Program Files/MiKTeX 
2.9/fonts/type1/public/lm/lmsso17.pfb><C:/Program Files/MiKTeX 2.9/fonts/type1/
public/lm/lmsy10.pfb><C:/Program Files/MiKTeX 2.9/fonts/type1/public/lm/lmsy8.p
fb><C:/Program Files/MiKTeX 2.9/fonts/type1/public/lm/lmtk10.pfb><C:/Program Fi
les/MiKTeX 2.9/fonts/type1/public/lm/lmtt8.pfb>
Output written on "TCC - Em Andamento V 1.7.pdf" (79 pages, 3749336 bytes).
PDF statistics:
 1547 PDF objects out of 1728 (max. 8388607)
 438 named destinations out of 1000 (max. 500000)
 38596 words of extra memory for PDF output out of 42996 (max. 10000000)

